TN:
SF:/Applications/MAMP/htdocs/video-resolutions/src/aspect.js
FN:7,(anonymous_0)
FN:9,(anonymous_1)
FNF:2
FNH:2
FNDA:569,(anonymous_0)
FNDA:1077,(anonymous_1)
DA:8,569
DA:9,1077
DA:10,569
DA:14,1
LF:4
LH:4
BRDA:7,0,0,1
BRDA:10,1,0,508
BRDA:10,1,1,61
BRF:3
BRH:3
end_of_record
TN:
SF:/Applications/MAMP/htdocs/video-resolutions/src/constants.js
FNF:0
FNH:0
DA:1,1
LF:1
LH:1
BRF:0
BRH:0
end_of_record
TN:
SF:/Applications/MAMP/htdocs/video-resolutions/src/format.js
FN:17,(anonymous_0)
FN:56,(anonymous_1)
FN:62,(anonymous_2)
FNF:3
FNH:3
FNDA:190,(anonymous_0)
FNDA:2,(anonymous_1)
FNDA:19,(anonymous_2)
DA:1,1
DA:3,1
DA:9,1
DA:18,190
DA:19,190
DA:20,190
DA:21,190
DA:25,190
DA:26,190
DA:28,190
DA:32,190
DA:34,190
DA:35,5
DA:36,5
DA:37,5
DA:38,2
DA:39,2
DA:41,2
DA:42,2
DA:43,3
DA:44,2
DA:45,2
DA:49,190
DA:50,570
DA:57,2
DA:63,19
DA:67,1
LF:27
LH:27
BRDA:17,0,0,1
BRDA:18,1,0,65
BRDA:18,1,1,125
BRDA:19,2,0,65
BRDA:19,2,1,125
BRDA:20,3,0,65
BRDA:20,3,1,125
BRDA:21,4,0,185
BRDA:21,4,1,5
BRDA:25,5,0,187
BRDA:25,5,1,3
BRDA:26,6,0,187
BRDA:26,6,1,3
BRDA:28,7,0,187
BRDA:28,7,1,3
BRDA:28,8,0,190
BRDA:28,8,1,187
BRDA:34,9,0,5
BRDA:34,9,1,185
BRDA:37,10,0,2
BRDA:37,10,1,3
BRDA:37,11,0,5
BRDA:37,11,1,2
BRDA:43,12,0,2
BRDA:43,12,1,1
BRDA:50,13,0,568
BRDA:50,13,1,2
BRDA:50,14,0,570
BRDA:50,14,1,570
BRDA:57,15,0,1
BRDA:57,15,1,1
BRDA:57,16,0,2
BRDA:57,16,1,1
BRF:33
BRH:33
end_of_record
TN:
SF:/Applications/MAMP/htdocs/video-resolutions/src/getters.js
FN:9,(anonymous_0)
FN:15,(anonymous_1)
FN:20,(anonymous_2)
FN:60,(anonymous_3)
FN:76,(anonymous_4)
FN:82,(anonymous_5)
FNF:6
FNH:6
FNDA:2,(anonymous_0)
FNDA:12,(anonymous_1)
FNDA:2220,(anonymous_2)
FNDA:9,(anonymous_3)
FNDA:1,(anonymous_4)
FNDA:14,(anonymous_5)
DA:1,1
DA:2,1
DA:4,1
DA:9,2
DA:15,1
DA:16,12
DA:17,12
DA:18,2220
DA:20,12
DA:21,2220
DA:22,1855
DA:23,555
DA:24,555
DA:30,495
DA:33,60
DA:35,1300
DA:36,370
DA:42,366
DA:44,4
DA:46,930
DA:47,912
DA:50,383
DA:52,12
DA:60,1
DA:61,9
DA:62,9
DA:63,7
DA:65,2
DA:66,1
DA:68,1
DA:76,1
DA:77,1
DA:80,1
DA:81,1
DA:82,14
DA:85,1
LF:36
LH:36
BRDA:15,0,0,1
BRDA:22,1,0,555
BRDA:22,1,1,1300
BRDA:24,2,0,495
BRDA:24,2,1,60
BRDA:25,3,0,555
BRDA:25,3,1,370
BRDA:25,3,2,222
BRDA:25,3,3,185
BRDA:35,4,0,370
BRDA:35,4,1,930
BRDA:36,5,0,366
BRDA:36,5,1,4
BRDA:37,6,0,370
BRDA:37,6,1,185
BRDA:37,6,2,187
BRDA:37,6,3,185
BRDA:46,7,0,912
BRDA:46,7,1,18
BRDA:60,8,0,1
BRDA:60,9,0,8
BRDA:62,10,0,7
BRDA:62,10,1,2
BRDA:65,11,0,1
BRDA:65,11,1,1
BRDA:65,12,0,2
BRDA:65,12,1,1
BRDA:76,13,0,1
BRF:28
BRH:28
end_of_record
TN:
SF:/Applications/MAMP/htdocs/video-resolutions/src/index.js
FNF:0
FNH:0
DA:1,1
DA:2,1
DA:5,1
DA:6,1
DA:8,1
LF:5
LH:5
BRF:0
BRH:0
end_of_record
TN:
SF:/Applications/MAMP/htdocs/video-resolutions/src/list.js
FNF:0
FNH:0
DA:1,1
DA:2,1
DA:4,1
DA:6,1
DA:7,185
DA:10,1
LF:6
LH:6
BRF:0
BRH:0
end_of_record
TN:
SF:/Applications/MAMP/htdocs/video-resolutions/src/search.js
FN:36,(anonymous_0)
FN:64,(anonymous_1)
FNF:2
FNH:2
FNDA:4,(anonymous_0)
FNDA:2,(anonymous_1)
DA:1,1
DA:3,1
DA:10,1
DA:12,1
DA:13,1
DA:14,1
DA:15,1
DA:16,1
DA:17,1
DA:19,1
DA:22,185
DA:23,185
DA:36,1
DA:37,4
DA:38,2
DA:39,2
DA:49,2
DA:50,4
DA:55,2
DA:57,2
DA:64,1
DA:65,2
DA:66,2
DA:69,1
LF:24
LH:24
BRDA:37,0,0,2
BRDA:37,0,1,2
BRDA:66,1,0,1
BRDA:66,1,1,1
BRF:4
BRH:4
end_of_record
